<?xml version="1.0" encoding="UTF-8"?>
<testng-results skipped="0" failed="0" total="1" passed="1">
  <reporter-output>
  </reporter-output>
  <suite name="com.crm.qa.testcases.LoginPageTest" duration-ms="119929" started-at="2017-12-02T09:56:34Z" finished-at="2017-12-02T09:58:34Z">
    <groups>
    </groups>
    <test name="Command line test" duration-ms="119929" started-at="2017-12-02T09:56:34Z" finished-at="2017-12-02T09:58:34Z">
      <class name="com.crm.qa.testcases.LoginPageTest">
        <test-method status="PASS" signature="Setup()[pri:0, instance:com.crm.qa.testcases.LoginPageTest@35f983a6]" name="Setup" is-config="true" duration-ms="18679" started-at="2017-12-02T15:26:34Z" finished-at="2017-12-02T15:26:53Z">
          <reporter-output>
          </reporter-output>
        </test-method> <!-- Setup -->
        <test-method status="PASS" signature="LoginSuccessful()[pri:0, instance:com.crm.qa.testcases.LoginPageTest@35f983a6]" name="LoginSuccessful" duration-ms="101233" started-at="2017-12-02T15:26:53Z" finished-at="2017-12-02T15:28:34Z">
          <reporter-output>
          </reporter-output>
        </test-method> <!-- LoginSuccessful -->
      </class> <!-- com.crm.qa.testcases.LoginPageTest -->
    </test> <!-- Command line test -->
  </suite> <!-- com.crm.qa.testcases.LoginPageTest -->
</testng-results>
