<?xml version="1.0" encoding="UTF-8"?>
<testng-results skipped="0" failed="0" total="1" passed="1">
  <reporter-output>
  </reporter-output>
  <suite name="FREE CRM Application Test Automation Test Suite" duration-ms="158234" started-at="2017-11-28T17:11:40Z" finished-at="2017-11-28T17:14:19Z">
    <groups>
    </groups>
    <test name="Free CRM App Test Cases" duration-ms="158234" started-at="2017-11-28T17:11:40Z" finished-at="2017-11-28T17:14:19Z">
      <class name="com.crm.qa.testcases.LoginPageTest">
        <test-method status="PASS" signature="Setup()[pri:0, instance:com.crm.qa.testcases.LoginPageTest@68be2bc2]" name="Setup" is-config="true" duration-ms="53498" started-at="2017-11-28T22:41:41Z" finished-at="2017-11-28T22:42:34Z">
          <reporter-output>
          </reporter-output>
        </test-method> <!-- Setup -->
        <test-method status="PASS" signature="LoginSuccessful()[pri:0, instance:com.crm.qa.testcases.LoginPageTest@68be2bc2]" name="LoginSuccessful" duration-ms="104663" started-at="2017-11-28T22:42:34Z" finished-at="2017-11-28T22:44:19Z">
          <reporter-output>
          </reporter-output>
        </test-method> <!-- LoginSuccessful -->
      </class> <!-- com.crm.qa.testcases.LoginPageTest -->
    </test> <!-- Free CRM App Test Cases -->
  </suite> <!-- FREE CRM Application Test Automation Test Suite -->
</testng-results>
